f:
; IDAは変数名を知らないので、手動で与えます
rt              = -0x10
i               = -0xC
var_4           = -4
a               =  0

                addiu   $sp, -0x18
                sw      $fp, 0x18+var_4($sp)
                move    $fp, $sp
                sw      $a0, 0x18+a($fp)
; rtを初期化し、i変数を0にします
                sw      $zero, 0x18+rt($fp)
                sw      $zero, 0x18+i($fp)
; ループチェック命令にジャンプ
                b       loc_68
                or      $at, $zero ; 分岐遅延スロット, NOP

loc_20:
                li      $v1, 1
                lw      $v0, 0x18+i($fp)
                or      $at, $zero ; 遅延スロットをロード, NOP
                sllv    $v0, $v1, $v0
; \$v0 = 1<<i
                move    $v1, $v0
                lw      $v0, 0x18+a($fp)
                or      $at, $zero ; 遅延スロットをロード, NOP
                and     $v0, $v1, $v0
; \$v0 = a \& (1<<i)
; a \& (1<<i)はゼロと等しいか？等しければloc\_58へ
                beqz    $v0, loc_58
                or      $at, $zero
; no jump occurred, that means a \& (1<<i)!=0, so increment "rt" then:
                lw      $v0, 0x18+rt($fp)
                or      $at, $zero ; 遅延スロットをロード, NOP
                addiu   $v0, 1
                sw      $v0, 0x18+rt($fp)

loc_58:
; iをインクリメント:
                lw      $v0, 0x18+i($fp)
                or      $at, $zero ; 遅延スロットをロード, NOP
                addiu   $v0, 1
                sw      $v0, 0x18+i($fp)

loc_68:
; load iをロードし0x20 (32)と比較
; 0x20 (32)未満の場合loc\_20にジャンプ:
                lw      $v0, 0x18+i($fp)
                or      $at, $zero ; 遅延スロットをロード, NOP
                slti    $v0, 0x20  # ' '
                bnez    $v0, loc_20
                or      $at, $zero ; 分岐遅延スロット, NOP
; 関数エピローグ。rtをリターン
                lw      $v0, 0x18+rt($fp)
                move    $sp, $fp   ; 遅延スロットをロード
                lw      $fp, 0x18+var_4($sp)
                addiu   $sp, 0x18  ; 遅延スロットをロード
                jr      $ra
                or      $at, $zero ; 分岐遅延スロット, NOP
