my_memcpy:
; ループへのジャンプのチェック部分
                b       loc_14
; カウンタ(i)を0で初期化
; 必ず\$v0に割り当たる:
                move    $v0, $zero ; 分岐遅延スロット

loc_8:                                   # CODE XREF: my\_memcpy+1C
; \$t0 から \$v1に符号なしのバイトとしてロードされる:
                lbu     $v1, 0($t0)
; カウンタ (i)をインクリメント:
                addiu   $v0, 1
; \$a3にバイトを保存
                sb      $v1, 0($a3)

loc_14:                                  # CODE XREF: my\_memcpy
; \$v0のカウンタ(i)が依然として小さければ、第三引数(\$a2の"cnt")をチェック
                sltu    $v1, $v0, $a2
; ソースブロックのバイトのアドレスを整える
                addu    $t0, $a1, $v0
; \$t0 = \$a1+\$v0 = src+i
; カウンタが"cnt"未満の場合はループボディにジャンプ
                bnez    $v1, loc_8
; コピー先ブロック(\$a3 = \$a0+\$v0 = dst+i)のバイトのアドレスを整える
                addu    $a3, $a0, $v0 ; 分岐遅延スロット
; BNEZが実行されなければ終了する
                jr      $ra
                or      $at, $zero ; 分岐遅延スロット, NOP
