get_month1:
; テーブルのアドレスを\$v0にロード
                la      $v0, month1
; 入力値を4倍する
                sll     $a0, 2
; テーブルのアドレスと掛け合わされた値を合計する
                addu    $a0, $v0
; このアドレスのテーブルの要素を\$v0にロードする
                lw      $v0, 0($a0)
; リターン
                jr      $ra
                or      $at, $zero ; branch delay slot, NOP

                .data # .data.rel.local
                .globl month1
month1:         .word aJanuary           # "1月"
                .word aFebruary          # "2月"
                .word aMarch             # "3月"
                .word aApril             # "4月"
                .word aMay               # "5月"
                .word aJune              # "6月"
                .word aJuly              # "7月"
                .word aAugust            # "8月"
                .word aSeptember         # "9月"
                .word aOctober           # "10月"
                .word aNovember          # "11月"
                .word aDecember          # "12月"

                .data # .rodata.str1.4
aJanuary:       .ascii "January"<0>      
aFebruary:      .ascii "February"<0>     
aMarch:         .ascii "March"<0>        
aApril:         .ascii "April"<0>        
aMay:           .ascii "May"<0>          
aJune:          .ascii "June"<0>         
aJuly:          .ascii "July"<0>         
aAugust:        .ascii "August"<0>       
aSeptember:     .ascii "September"<0>    
aOctober:       .ascii "October"<0>      
aNovember:      .ascii "November"<0>     
aDecember:      .ascii "December"<0>     
