main:

var_10          = -0x10
var_4           = -4

; 関数プロローグ
                lui     $gp, (dword_9C >> 16)
                addiu   $sp, -0x20
                la      $gp, (__gnu_local_gp & 0xFFFF)
                sw      $ra, 0x20+var_4($sp)
                sw      $gp, 0x20+var_10($sp)
                lui     $v0, (dword_A4 >> 16) ; ?
; 32.01の下位32ビットをロードする
                lwc1    $f12, dword_9C
; pow()関数のアドレスをロードする
                lw      $t9, (pow & 0xFFFF)($gp)
; 32.01の上位32ビットをロードする
                lwc1    $f13, $LC0
                lui     $v0, ($LC1 >> 16) ; ?
; 1.54の下位32ビットをロードする
                lwc1    $f14, dword_A4
                or      $at, $zero ; load delay slot, NOP
; 1.54の上位32ビットをロードする
                lwc1    $f15, $LC1
; pow()を呼び出す
                jalr    $t9
                or      $at, $zero ; branch delay slot, NOP
                lw      $gp, 0x20+var_10($sp)
; 結果を\$f0と\$f1から\$a3と\$a2にコピーする
                mfc1    $a3, $f0
                lw      $t9, (printf & 0xFFFF)($gp)
                mfc1    $a2, $f1
; printf()を呼び出す
                lui     $a0, ($LC2 >> 16)  # "32.01 \verb|^| 1.54 = \%lf\textbackslash{}n"
                jalr    $t9
                la      $a0, ($LC2 & 0xFFFF)  # "32.01 \verb|^| 1.54 = \%lf\textbackslash{}n"
; 関数エピローグ
                lw      $ra, 0x20+var_4($sp)
; 0をリターン
                move    $v0, $zero
                jr      $ra
                addiu   $sp, 0x20

.rodata.str1.4:00000084 $LC2:           .ascii "32.01 ^ 1.54 = %lf\n"<0>

; 32.01:
.rodata.cst8:00000098 $LC0:           .word 0x40400147         # DATA XREF: main+20
.rodata.cst8:0000009C dword_9C:       .word 0xAE147AE1         # DATA XREF: main
.rodata.cst8:0000009C                                          # main+18
; 1.54:
.rodata.cst8:000000A0 $LC1:           .word 0x3FF8A3D7         # DATA XREF: main+24
.rodata.cst8:000000A0                                          # main+30
.rodata.cst8:000000A4 dword_A4:       .word 0xA3D70A4          # DATA XREF: main+14
