float_rand
                STMFD   SP!, {R3,LR}
                BL      my_rand
; R0=疑似乱数値
                FLDS    S0, =1.0
; S0=1.0
                BIC     R3, R0, #0xFF000000
                BIC     R3, R3, #0x800000
                ORR     R3, R3, #0x3F800000
; R3=疑似乱数値 \& 0x007fffff | 0x3f800000
; R3からFPU (レジスタS15)にコピー
; それはビット単位のコピーのように動作し、変換は行われません
                FMSR    S15, R3
; 1.0を引いて結果をS0に残す
                FSUBS   S0, S15, S0
                LDMFD   SP!, {R3,PC}

flt_5C          DCFS 1.0

main
                STMFD   SP!, {R4,LR}
                MOV     R0, #0
                BL      time
                BL      my_srand
                MOV     R4, #0x64 ; 'd'

loc_78
                BL      float_rand
; S0=疑似乱数値
                LDR     R0, =aF         ; "\%f"
; float型の値をdouble型の値に変換する（printf()が必要とする）
                FCVTDS  D7, S0
; D7からレジスタR2/R3ペアへのビット単位のコピー（printf()用）
                FMRRD   R2, R3, D7
                BL      printf
                SUBS    R4, R4, #1
                BNE     loc_78
                MOV     R0, R4
                LDMFD   SP!, {R4,PC}

aF              DCB "%f",0xA,0
